# JRE version: Java(TM) SE Runtime Environment (8.0_181-b13) (build 1.8.0_181-b13)
# Java VM: Java HotSpot(TM) 64-Bit Server VM (25.181-b13 mixed mode windows-amd64 compressed oops)
Heap:
 PSYoungGen      total 47616K, used 12946K [0x000000078b200000, 0x000000078e700000, 0x00000007c0000000)
  eden space 40960K, 15% used [0x000000078b200000,0x000000078b8285a0,0x000000078da00000)
  from space 6656K, 99% used [0x000000078e080000,0x000000078e6fc340,0x000000078e700000)
  to   space 6656K, 0% used [0x000000078da00000,0x000000078da00000,0x000000078e080000)
 ParOldGen       total 109568K, used 979K [0x0000000721600000, 0x0000000728100000, 0x000000078b200000)
  object space 109568K, 0% used [0x0000000721600000,0x00000007216f4c58,0x0000000728100000)
 Metaspace       used 18563K, capacity 19308K, committed 19584K, reserved 1067008K
  class space    used 2475K, capacity 2686K, committed 2688K, reserved 1048576K
GC Heap History (8 events):
Event: 3.422 GC heap before
{Heap before GC invocations=1 (full 0):
 PSYoungGen      total 47616K, used 40960K [0x000000078b200000, 0x000000078e700000, 0x00000007c0000000)
  eden space 40960K, 100% used [0x000000078b200000,0x000000078da00000,0x000000078da00000)
  from space 6656K, 0% used [0x000000078e080000,0x000000078e080000,0x000000078e700000)
  to   space 6656K, 0% used [0x000000078da00000,0x000000078da00000,0x000000078e080000)
 ParOldGen       total 109568K, used 0K [0x0000000721600000, 0x0000000728100000, 0x000000078b200000)
  object space 109568K, 0% used [0x0000000721600000,0x0000000721600000,0x0000000728100000)
 Metaspace       used 8059K, capacity 8178K, committed 8320K, reserved 1056768K
  class space    used 1072K, capacity 1105K, committed 1152K, reserved 1048576K
Event: 3.431 GC heap after
Heap after GC invocations=1 (full 0):
 PSYoungGen      total 47616K, used 4060K [0x000000078b200000, 0x000000078e700000, 0x00000007c0000000)
  eden space 40960K, 0% used [0x000000078b200000,0x000000078b200000,0x000000078da00000)
  from space 6656K, 61% used [0x000000078da00000,0x000000078ddf7300,0x000000078e080000)
  to   space 6656K, 0% used [0x000000078e080000,0x000000078e080000,0x000000078e700000)
 ParOldGen       total 109568K, used 8K [0x0000000721600000, 0x0000000728100000, 0x000000078b200000)
  object space 109568K, 0% used [0x0000000721600000,0x0000000721602000,0x0000000728100000)
 Metaspace       used 8059K, capacity 8178K, committed 8320K, reserved 1056768K
  class space    used 1072K, capacity 1105K, committed 1152K, reserved 1048576K
}
Event: 7.070 GC heap before
{Heap before GC invocations=2 (full 0):
 PSYoungGen      total 47616K, used 45020K [0x000000078b200000, 0x000000078e700000, 0x00000007c0000000)
  eden space 40960K, 100% used [0x000000078b200000,0x000000078da00000,0x000000078da00000)
  from space 6656K, 61% used [0x000000078da00000,0x000000078ddf7300,0x000000078e080000)
  to   space 6656K, 0% used [0x000000078e080000,0x000000078e080000,0x000000078e700000)
 ParOldGen       total 109568K, used 8K [0x0000000721600000, 0x0000000728100000, 0x000000078b200000)
  object space 109568K, 0% used [0x0000000721600000,0x0000000721602000,0x0000000728100000)
 Metaspace       used 12911K, capacity 13180K, committed 13312K, reserved 1060864K
  class space    used 1663K, capacity 1740K, committed 1792K, reserved 1048576K
Event: 7.083 GC heap after
Heap after GC invocations=2 (full 0):
 PSYoungGen      total 47616K, used 5938K [0x000000078b200000, 0x000000078e700000, 0x00000007c0000000)
  eden space 40960K, 0% used [0x000000078b200000,0x000000078b200000,0x000000078da00000)
  from space 6656K, 89% used [0x000000078e080000,0x000000078e64c980,0x000000078e700000)
  to   space 6656K, 0% used [0x000000078da00000,0x000000078da00000,0x000000078e080000)
 ParOldGen       total 109568K, used 24K [0x0000000721600000, 0x0000000728100000, 0x000000078b200000)
  object space 109568K, 0% used [0x0000000721600000,0x0000000721606000,0x0000000728100000)
 Metaspace       used 12911K, capacity 13180K, committed 13312K, reserved 1060864K
  class space    used 1663K, capacity 1740K, committed 1792K, reserved 1048576K
}
Event: 13.323 GC heap before
{Heap before GC invocations=3 (full 0):
 PSYoungGen      total 47616K, used 46898K [0x000000078b200000, 0x000000078e700000, 0x00000007c0000000)
  eden space 40960K, 100% used [0x000000078b200000,0x000000078da00000,0x000000078da00000)
  from space 6656K, 89% used [0x000000078e080000,0x000000078e64c980,0x000000078e700000)
  to   space 6656K, 0% used [0x000000078da00000,0x000000078da00000,0x000000078e080000)
 ParOldGen       total 109568K, used 24K [0x0000000721600000, 0x0000000728100000, 0x000000078b200000)
  object space 109568K, 0% used [0x0000000721600000,0x0000000721606000,0x0000000728100000)
 Metaspace       used 17014K, capacity 17722K, committed 17920K, reserved 1064960K
  class space    used 2261K, capacity 2459K, committed 2560K, reserved 1048576K
Event: 13.352 GC heap after
Heap after GC invocations=3 (full 0):
 PSYoungGen      total 47616K, used 6631K [0x000000078b200000, 0x000000078e700000, 0x00000007c0000000)
  eden space 40960K, 0% used [0x000000078b200000,0x000000078b200000,0x000000078da00000)
  from space 6656K, 99% used [0x000000078da00000,0x000000078e079df8,0x000000078e080000)
  to   space 6656K, 0% used [0x000000078e080000,0x000000078e080000,0x000000078e700000)
 ParOldGen       total 109568K, used 690K [0x0000000721600000, 0x0000000728100000, 0x000000078b200000)
  object space 109568K, 0% used [0x0000000721600000,0x00000007216ac928,0x0000000728100000)
 Metaspace       used 17014K, capacity 17722K, committed 17920K, reserved 1064960K
  class space    used 2261K, capacity 2459K, committed 2560K, reserved 1048576K
}
Event: 18.872 GC heap before
{Heap before GC invocations=4 (full 0):
 PSYoungGen      total 47616K, used 47591K [0x000000078b200000, 0x000000078e700000, 0x00000007c0000000)
  eden space 40960K, 100% used [0x000000078b200000,0x000000078da00000,0x000000078da00000)
  from space 6656K, 99% used [0x000000078da00000,0x000000078e079df8,0x000000078e080000)
  to   space 6656K, 0% used [0x000000078e080000,0x000000078e080000,0x000000078e700000)
 ParOldGen       total 109568K, used 690K [0x0000000721600000, 0x0000000728100000, 0x000000078b200000)
  object space 109568K, 0% used [0x0000000721600000,0x00000007216ac928,0x0000000728100000)
 Metaspace       used 18433K, capacity 19200K, committed 19328K, reserved 1067008K
  class space    used 2461K, capacity 2652K, committed 2688K, reserved 1048576K
Event: 18.889 GC heap after
Heap after GC invocations=4 (full 0):
 PSYoungGen      total 47616K, used 6640K [0x000000078b200000, 0x000000078e700000, 0x00000007c0000000)
  eden space 40960K, 0% used [0x000000078b200000,0x000000078b200000,0x000000078da00000)
  from space 6656K, 99% used [0x000000078e080000,0x000000078e6fc340,0x000000078e700000)
  to   space 6656K, 0% used [0x000000078da00000,0x000000078da00000,0x000000078e080000)
 ParOldGen       total 109568K, used 979K [0x0000000721600000, 0x0000000728100000, 0x000000078b200000)
  object space 109568K, 0% used [0x0000000721600000,0x00000007216f4c58,0x0000000728100000)
 Metaspace       used 18433K, capacity 19200K, committed 19328K, reserved 1067008K
  class space    used 2461K, capacity 2652K, committed 2688K, reserved 1048576K
}

