# JRE version: Java(TM) SE Runtime Environment (8.0_181-b13) (build 1.8.0_181-b13)
# Java VM: Java HotSpot(TM) 64-Bit Server VM (25.181-b13 mixed mode windows-amd64 compressed oops)
Heap:
 PSYoungGen      total 47616K, used 12943K [0x000000078b200000, 0x000000078e700000, 0x00000007c0000000)
  eden space 40960K, 15% used [0x000000078b200000,0x000000078b828bb8,0x000000078da00000)
  from space 6656K, 99% used [0x000000078e080000,0x000000078e6fb278,0x000000078e700000)
  to   space 6656K, 0% used [0x000000078da00000,0x000000078da00000,0x000000078e080000)
 ParOldGen       total 109568K, used 932K [0x0000000721600000, 0x0000000728100000, 0x000000078b200000)
  object space 109568K, 0% used [0x0000000721600000,0x00000007216e93c8,0x0000000728100000)
 Metaspace       used 18565K, capacity 19308K, committed 19584K, reserved 1067008K
  class space    used 2479K, capacity 2686K, committed 2688K, reserved 1048576K
GC Heap History (8 events):
Event: 2.526 GC heap before
{Heap before GC invocations=1 (full 0):
 PSYoungGen      total 47616K, used 40960K [0x000000078b200000, 0x000000078e700000, 0x00000007c0000000)
  eden space 40960K, 100% used [0x000000078b200000,0x000000078da00000,0x000000078da00000)
  from space 6656K, 0% used [0x000000078e080000,0x000000078e080000,0x000000078e700000)
  to   space 6656K, 0% used [0x000000078da00000,0x000000078da00000,0x000000078e080000)
 ParOldGen       total 109568K, used 0K [0x0000000721600000, 0x0000000728100000, 0x000000078b200000)
  object space 109568K, 0% used [0x0000000721600000,0x0000000721600000,0x0000000728100000)
 Metaspace       used 8055K, capacity 8178K, committed 8320K, reserved 1056768K
  class space    used 1072K, capacity 1105K, committed 1152K, reserved 1048576K
Event: 2.536 GC heap after
Heap after GC invocations=1 (full 0):
 PSYoungGen      total 47616K, used 4062K [0x000000078b200000, 0x000000078e700000, 0x00000007c0000000)
  eden space 40960K, 0% used [0x000000078b200000,0x000000078b200000,0x000000078da00000)
  from space 6656K, 61% used [0x000000078da00000,0x000000078ddf7870,0x000000078e080000)
  to   space 6656K, 0% used [0x000000078e080000,0x000000078e080000,0x000000078e700000)
 ParOldGen       total 109568K, used 8K [0x0000000721600000, 0x0000000728100000, 0x000000078b200000)
  object space 109568K, 0% used [0x0000000721600000,0x0000000721602000,0x0000000728100000)
 Metaspace       used 8055K, capacity 8178K, committed 8320K, reserved 1056768K
  class space    used 1072K, capacity 1105K, committed 1152K, reserved 1048576K
}
Event: 4.749 GC heap before
{Heap before GC invocations=2 (full 0):
 PSYoungGen      total 47616K, used 45022K [0x000000078b200000, 0x000000078e700000, 0x00000007c0000000)
  eden space 40960K, 100% used [0x000000078b200000,0x000000078da00000,0x000000078da00000)
  from space 6656K, 61% used [0x000000078da00000,0x000000078ddf7870,0x000000078e080000)
  to   space 6656K, 0% used [0x000000078e080000,0x000000078e080000,0x000000078e700000)
 ParOldGen       total 109568K, used 8K [0x0000000721600000, 0x0000000728100000, 0x000000078b200000)
  object space 109568K, 0% used [0x0000000721600000,0x0000000721602000,0x0000000728100000)
 Metaspace       used 12900K, capacity 13116K, committed 13312K, reserved 1060864K
  class space    used 1664K, capacity 1740K, committed 1792K, reserved 1048576K
Event: 4.759 GC heap after
Heap after GC invocations=2 (full 0):
 PSYoungGen      total 47616K, used 5881K [0x000000078b200000, 0x000000078e700000, 0x00000007c0000000)
  eden space 40960K, 0% used [0x000000078b200000,0x000000078b200000,0x000000078da00000)
  from space 6656K, 88% used [0x000000078e080000,0x000000078e63e540,0x000000078e700000)
  to   space 6656K, 0% used [0x000000078da00000,0x000000078da00000,0x000000078e080000)
 ParOldGen       total 109568K, used 24K [0x0000000721600000, 0x0000000728100000, 0x000000078b200000)
  object space 109568K, 0% used [0x0000000721600000,0x0000000721606000,0x0000000728100000)
 Metaspace       used 12900K, capacity 13116K, committed 13312K, reserved 1060864K
  class space    used 1664K, capacity 1740K, committed 1792K, reserved 1048576K
}
Event: 9.501 GC heap before
{Heap before GC invocations=3 (full 0):
 PSYoungGen      total 47616K, used 46841K [0x000000078b200000, 0x000000078e700000, 0x00000007c0000000)
  eden space 40960K, 100% used [0x000000078b200000,0x000000078da00000,0x000000078da00000)
  from space 6656K, 88% used [0x000000078e080000,0x000000078e63e540,0x000000078e700000)
  to   space 6656K, 0% used [0x000000078da00000,0x000000078da00000,0x000000078e080000)
 ParOldGen       total 109568K, used 24K [0x0000000721600000, 0x0000000728100000, 0x000000078b200000)
  object space 109568K, 0% used [0x0000000721600000,0x0000000721606000,0x0000000728100000)
 Metaspace       used 17021K, capacity 17722K, committed 17920K, reserved 1064960K
  class space    used 2264K, capacity 2459K, committed 2560K, reserved 1048576K
Event: 9.520 GC heap after
Heap after GC invocations=3 (full 0):
 PSYoungGen      total 47616K, used 6651K [0x000000078b200000, 0x000000078e700000, 0x00000007c0000000)
  eden space 40960K, 0% used [0x000000078b200000,0x000000078b200000,0x000000078da00000)
  from space 6656K, 99% used [0x000000078da00000,0x000000078e07ec98,0x000000078e080000)
  to   space 6656K, 0% used [0x000000078e080000,0x000000078e080000,0x000000078e700000)
 ParOldGen       total 109568K, used 650K [0x0000000721600000, 0x0000000728100000, 0x000000078b200000)
  object space 109568K, 0% used [0x0000000721600000,0x00000007216a2ab8,0x0000000728100000)
 Metaspace       used 17021K, capacity 17722K, committed 17920K, reserved 1064960K
  class space    used 2264K, capacity 2459K, committed 2560K, reserved 1048576K
}
Event: 13.143 GC heap before
{Heap before GC invocations=4 (full 0):
 PSYoungGen      total 47616K, used 47611K [0x000000078b200000, 0x000000078e700000, 0x00000007c0000000)
  eden space 40960K, 100% used [0x000000078b200000,0x000000078da00000,0x000000078da00000)
  from space 6656K, 99% used [0x000000078da00000,0x000000078e07ec98,0x000000078e080000)
  to   space 6656K, 0% used [0x000000078e080000,0x000000078e080000,0x000000078e700000)
 ParOldGen       total 109568K, used 650K [0x0000000721600000, 0x0000000728100000, 0x000000078b200000)
  object space 109568K, 0% used [0x0000000721600000,0x00000007216a2ab8,0x0000000728100000)
 Metaspace       used 18426K, capacity 19196K, committed 19328K, reserved 1067008K
  class space    used 2463K, capacity 2652K, committed 2688K, reserved 1048576K
Event: 13.154 GC heap after
Heap after GC invocations=4 (full 0):
 PSYoungGen      total 47616K, used 6636K [0x000000078b200000, 0x000000078e700000, 0x00000007c0000000)
  eden space 40960K, 0% used [0x000000078b200000,0x000000078b200000,0x000000078da00000)
  from space 6656K, 99% used [0x000000078e080000,0x000000078e6fb278,0x000000078e700000)
  to   space 6656K, 0% used [0x000000078da00000,0x000000078da00000,0x000000078e080000)
 ParOldGen       total 109568K, used 932K [0x0000000721600000, 0x0000000728100000, 0x000000078b200000)
  object space 109568K, 0% used [0x0000000721600000,0x00000007216e93c8,0x0000000728100000)
 Metaspace       used 18426K, capacity 19196K, committed 19328K, reserved 1067008K
  class space    used 2463K, capacity 2652K, committed 2688K, reserved 1048576K
}

