<?xml version="1.0" encoding="UTF-8"?>
<testsuite xmlns:xsi="http://www.w3.org/2001/XMLSchema-instance" xsi:noNamespaceSchemaLocation="https://maven.apache.org/surefire/maven-surefire-plugin/xsd/surefire-test-report.xsd" name="step_definition.RunCukesTest" time="378.953" tests="64" errors="14" skipped="12" failures="0">
  <properties>
[...]
</properties>
  <testcase name="Given User already Sign In on the Cicle App" classname="Scenario: Add List on the Board" time="0"/>
  <testcase name="When User click card on the teams" classname="Scenario: Add List on the Board" time="0"/>
  <testcase name="And User will be direct on the Teams Page and click Board" classname="Scenario: Add List on the Board" time="0"/>
  <testcase name="And User Add List on the Board and input &quot;In Progress&quot; as list name" classname="Scenario: Add List on the Board" time="0"/>
  <testcase name="Then List is already created" classname="Scenario: Add List on the Board" time="0"/>
  <testcase name="Scenario: Add List on the Board" classname="Scenario: Add List on the Board" time="1.012"/>
  <testcase name="Given User open the Cicle App and click card on the teams" classname="Scenario: Create new List on the Board" time="0.001"/>
  <testcase name="When User go to teams page and click Board" classname="Scenario: Create new List on the Board" time="0"/>
  <testcase name="And User create new list on the board and input &quot;&quot; as list name" classname="Scenario: Create new List on the Board" time="0"/>
  <testcase name="Then Error message will appears" classname="Scenario: Create new List on the Board" time="0"/>
  <testcase name="Scenario: Create new List on the Board" classname="Scenario: Create new List on the Board" time="0.974"/>
  <testcase name="Given User have been sign in on the Cicle App and click card" classname="Scenario: Archive List on the Board" time="0"/>
  <testcase name="When User click Board and will be direct on the Board Page" classname="Scenario: Archive List on the Board" time="0"/>
  <testcase name="And User create new List on the board and input &quot;Archive&quot; as listname" classname="Scenario: Archive List on the Board" time="0"/>
  <testcase name="And User click toggle on the list and click archive this list" classname="Scenario: Archive List on the Board" time="0"/>
  <testcase name="Then List will be archive" classname="Scenario: Archive List on the Board" time="0"/>
  <testcase name="Scenario: Archive List on the Board" classname="Scenario: Archive List on the Board" time="0.997"/>
  <testcase name="Given User open Cicle App and click card on the Teams" classname="Scenario: Restore List on the Board" time="0"/>
  <testcase name="When User click Board and will be direct on the Board age" classname="Scenario: Restore List on the Board" time="0.017">
    <error message="no such element: Unable to locate element: {&quot;method&quot;:&quot;xpath&quot;,&quot;selector&quot;:&quot;//body/div[@id=&apos;root&apos;]/div[2]/div[1]/div[2]/div[1]/div[3]/div[4]/a[1]/div[1]/div[1]&quot;}&#10;  (Session info: chrome=95.0.4638.54)&#10;For documentation on this error, please visit: https://www.seleniumhq.org/exceptions/no_such_element.html&#10;Build info: version: &apos;3.141.59&apos;, revision: &apos;e82be7d358&apos;, time: &apos;2018-11-14T08:17:03&apos;&#10;System info: host: &apos;ASUS-NANDA&apos;, ip: &apos;192.168.137.1&apos;, os.name: &apos;Windows 10&apos;, os.arch: &apos;amd64&apos;, os.version: &apos;10.0&apos;, java.version: &apos;1.8.0_291&apos;&#10;Driver info: org.openqa.selenium.chrome.ChromeDriver&#10;Capabilities {acceptInsecureCerts: false, browserName: chrome, browserVersion: 95.0.4638.54, chrome: {chromedriverVersion: 95.0.4638.17 (a9d0719444d4b..., userDataDir: C:\Users\user\AppData\Local...}, goog:chromeOptions: {debuggerAddress: localhost:65002}, javascriptEnabled: true, networkConnectionEnabled: false, pageLoadStrategy: normal, platform: WINDOWS, platformName: WINDOWS, proxy: Proxy(), setWindowRect: true, strictFileInteractability: false, timeouts: {implicit: 0, pageLoad: 300000, script: 30000}, unhandledPromptBehavior: dismiss and notify, webauthn:extension:credBlob: true, webauthn:extension:largeBlob: true, webauthn:virtualAuthenticators: true}&#10;Session ID: 2ed039575ffb64a9895e84c929bd642b&#10;*** Element info: {Using=xpath, value=//body/div[@id=&apos;root&apos;]/div[2]/div[1]/div[2]/div[1]/div[3]/div[4]/a[1]/div[1]/div[1]}" type="org.openqa.selenium.NoSuchElementException">org.openqa.selenium.NoSuchElementException: 
no such element: Unable to locate element: {"method":"xpath","selector":"//body/div[@id='root']/div[2]/div[1]/div[2]/div[1]/div[3]/div[4]/a[1]/div[1]/div[1]"}
  (Session info: chrome=95.0.4638.54)
For documentation on this error, please visit: https://www.seleniumhq.org/exceptions/no_such_element.html
Build info: version: '3.141.59', revision: 'e82be7d358', time: '2018-11-14T08:17:03'
System info: host: 'ASUS-NANDA', ip: '192.168.137.1', os.name: 'Windows 10', os.arch: 'amd64', os.version: '10.0', java.version: '1.8.0_291'
Driver info: org.openqa.selenium.chrome.ChromeDriver
Capabilities {acceptInsecureCerts: false, browserName: chrome, browserVersion: 95.0.4638.54, chrome: {chromedriverVersion: 95.0.4638.17 (a9d0719444d4b..., userDataDir: C:\Users\user\AppData\Local...}, goog:chromeOptions: {debuggerAddress: localhost:65002}, javascriptEnabled: true, networkConnectionEnabled: false, pageLoadStrategy: normal, platform: WINDOWS, platformName: WINDOWS, proxy: Proxy(), setWindowRect: true, strictFileInteractability: false, timeouts: {implicit: 0, pageLoad: 300000, script: 30000}, unhandledPromptBehavior: dismiss and notify, webauthn:extension:credBlob: true, webauthn:extension:largeBlob: true, webauthn:virtualAuthenticators: true}
Session ID: 2ed039575ffb64a9895e84c929bd642b
*** Element info: {Using=xpath, value=//body/div[@id='root']/div[2]/div[1]/div[2]/div[1]/div[3]/div[4]/a[1]/div[1]/div[1]}
</error>
  </testcase>
  <testcase name="Scenario: Restore List on the Board" classname="Scenario: Restore List on the Board" time="0.018">
    <error message="no such element: Unable to locate element: {&quot;method&quot;:&quot;xpath&quot;,&quot;selector&quot;:&quot;//body/div[@id=&apos;root&apos;]/div[2]/div[1]/div[2]/div[1]/div[3]/div[4]/a[1]/div[1]/div[1]&quot;}&#10;  (Session info: chrome=95.0.4638.54)&#10;For documentation on this error, please visit: https://www.seleniumhq.org/exceptions/no_such_element.html&#10;Build info: version: &apos;3.141.59&apos;, revision: &apos;e82be7d358&apos;, time: &apos;2018-11-14T08:17:03&apos;&#10;System info: host: &apos;ASUS-NANDA&apos;, ip: &apos;192.168.137.1&apos;, os.name: &apos;Windows 10&apos;, os.arch: &apos;amd64&apos;, os.version: &apos;10.0&apos;, java.version: &apos;1.8.0_291&apos;&#10;Driver info: org.openqa.selenium.chrome.ChromeDriver&#10;Capabilities {acceptInsecureCerts: false, browserName: chrome, browserVersion: 95.0.4638.54, chrome: {chromedriverVersion: 95.0.4638.17 (a9d0719444d4b..., userDataDir: C:\Users\user\AppData\Local...}, goog:chromeOptions: {debuggerAddress: localhost:65002}, javascriptEnabled: true, networkConnectionEnabled: false, pageLoadStrategy: normal, platform: WINDOWS, platformName: WINDOWS, proxy: Proxy(), setWindowRect: true, strictFileInteractability: false, timeouts: {implicit: 0, pageLoad: 300000, script: 30000}, unhandledPromptBehavior: dismiss and notify, webauthn:extension:credBlob: true, webauthn:extension:largeBlob: true, webauthn:virtualAuthenticators: true}&#10;Session ID: 2ed039575ffb64a9895e84c929bd642b&#10;*** Element info: {Using=xpath, value=//body/div[@id=&apos;root&apos;]/div[2]/div[1]/div[2]/div[1]/div[3]/div[4]/a[1]/div[1]/div[1]}" type="org.openqa.selenium.NoSuchElementException">org.openqa.selenium.NoSuchElementException: 
no such element: Unable to locate element: {"method":"xpath","selector":"//body/div[@id='root']/div[2]/div[1]/div[2]/div[1]/div[3]/div[4]/a[1]/div[1]/div[1]"}
  (Session info: chrome=95.0.4638.54)
For documentation on this error, please visit: https://www.seleniumhq.org/exceptions/no_such_element.html
Build info: version: '3.141.59', revision: 'e82be7d358', time: '2018-11-14T08:17:03'
System info: host: 'ASUS-NANDA', ip: '192.168.137.1', os.name: 'Windows 10', os.arch: 'amd64', os.version: '10.0', java.version: '1.8.0_291'
Driver info: org.openqa.selenium.chrome.ChromeDriver
Capabilities {acceptInsecureCerts: false, browserName: chrome, browserVersion: 95.0.4638.54, chrome: {chromedriverVersion: 95.0.4638.17 (a9d0719444d4b..., userDataDir: C:\Users\user\AppData\Local...}, goog:chromeOptions: {debuggerAddress: localhost:65002}, javascriptEnabled: true, networkConnectionEnabled: false, pageLoadStrategy: normal, platform: WINDOWS, platformName: WINDOWS, proxy: Proxy(), setWindowRect: true, strictFileInteractability: false, timeouts: {implicit: 0, pageLoad: 300000, script: 30000}, unhandledPromptBehavior: dismiss and notify, webauthn:extension:credBlob: true, webauthn:extension:largeBlob: true, webauthn:virtualAuthenticators: true}
Session ID: 2ed039575ffb64a9895e84c929bd642b
*** Element info: {Using=xpath, value=//body/div[@id='root']/div[2]/div[1]/div[2]/div[1]/div[3]/div[4]/a[1]/div[1]/div[1]}
</error>
  </testcase>
  <testcase name="And User click archive adn click switch to list" classname="Scenario: Restore List on the Board" time="0">
    <skipped/>
  </testcase>
  <testcase name="And User click restore one of the list" classname="Scenario: Restore List on the Board" time="0">
    <skipped/>
  </testcase>
  <testcase name="Then User see the success message" classname="Scenario: Restore List on the Board" time="0">
    <skipped/>
  </testcase>
  <testcase name="Given User already login to the Cicle and click card" classname="Scenario: Restore Card on the Board" time="0"/>
  <testcase name="And User open Board Page" classname="Scenario: Restore Card on the Board" time="0"/>
  <testcase name="When User click button archive and click restore one of the card" classname="Scenario: Restore Card on the Board" time="0.001"/>
  <testcase name="Then Card success restore" classname="Scenario: Restore Card on the Board" time="0"/>
  <testcase name="Scenario: Restore Card on the Board" classname="Scenario: Restore Card on the Board" time="1.061"/>
  <testcase name="Given User on the Cicle App Page" classname="Scenario: User Sign in with Google Account" time="0"/>
  <testcase name="When User Sign In with Google Account" classname="Scenario: User Sign in with Google Account" time="0"/>
  <testcase name="Then User will be direct on the dashboard" classname="Scenario: User Sign in with Google Account" time="0.001"/>
  <testcase name="Scenario: User Sign in with Google Account" classname="Scenario: User Sign in with Google Account" time="0.953"/>
  <testcase name="Given User already login on the Cicle App and click card on the Teams" classname="Scenario: Send message with valid text" time="0"/>
  <testcase name="And User on the Teams Page" classname="Scenario: Send message with valid text" time="0.005">
    <error message="no such element: Unable to locate element: {&quot;method&quot;:&quot;xpath&quot;,&quot;selector&quot;:&quot;//h1[.=&apos;Soal B&apos;]&quot;}&#10;  (Session info: chrome=95.0.4638.54)&#10;For documentation on this error, please visit: https://www.seleniumhq.org/exceptions/no_such_element.html&#10;Build info: version: &apos;3.141.59&apos;, revision: &apos;e82be7d358&apos;, time: &apos;2018-11-14T08:17:03&apos;&#10;System info: host: &apos;ASUS-NANDA&apos;, ip: &apos;192.168.137.1&apos;, os.name: &apos;Windows 10&apos;, os.arch: &apos;amd64&apos;, os.version: &apos;10.0&apos;, java.version: &apos;1.8.0_291&apos;&#10;Driver info: org.openqa.selenium.chrome.ChromeDriver&#10;Capabilities {acceptInsecureCerts: false, browserName: chrome, browserVersion: 95.0.4638.54, chrome: {chromedriverVersion: 95.0.4638.17 (a9d0719444d4b..., userDataDir: C:\Users\user\AppData\Local...}, goog:chromeOptions: {debuggerAddress: localhost:64361}, javascriptEnabled: true, networkConnectionEnabled: false, pageLoadStrategy: normal, platform: WINDOWS, platformName: WINDOWS, proxy: Proxy(), setWindowRect: true, strictFileInteractability: false, timeouts: {implicit: 0, pageLoad: 300000, script: 30000}, unhandledPromptBehavior: dismiss and notify, webauthn:extension:credBlob: true, webauthn:extension:largeBlob: true, webauthn:virtualAuthenticators: true}&#10;Session ID: 8e9777a4f92f6293fbfcda0a61a2f8c2&#10;*** Element info: {Using=xpath, value=//h1[.=&apos;Soal B&apos;]}" type="org.openqa.selenium.NoSuchElementException">org.openqa.selenium.NoSuchElementException: 
no such element: Unable to locate element: {"method":"xpath","selector":"//h1[.='Soal B']"}
  (Session info: chrome=95.0.4638.54)
For documentation on this error, please visit: https://www.seleniumhq.org/exceptions/no_such_element.html
Build info: version: '3.141.59', revision: 'e82be7d358', time: '2018-11-14T08:17:03'
System info: host: 'ASUS-NANDA', ip: '192.168.137.1', os.name: 'Windows 10', os.arch: 'amd64', os.version: '10.0', java.version: '1.8.0_291'
Driver info: org.openqa.selenium.chrome.ChromeDriver
Capabilities {acceptInsecureCerts: false, browserName: chrome, browserVersion: 95.0.4638.54, chrome: {chromedriverVersion: 95.0.4638.17 (a9d0719444d4b..., userDataDir: C:\Users\user\AppData\Local...}, goog:chromeOptions: {debuggerAddress: localhost:64361}, javascriptEnabled: true, networkConnectionEnabled: false, pageLoadStrategy: normal, platform: WINDOWS, platformName: WINDOWS, proxy: Proxy(), setWindowRect: true, strictFileInteractability: false, timeouts: {implicit: 0, pageLoad: 300000, script: 30000}, unhandledPromptBehavior: dismiss and notify, webauthn:extension:credBlob: true, webauthn:extension:largeBlob: true, webauthn:virtualAuthenticators: true}
Session ID: 8e9777a4f92f6293fbfcda0a61a2f8c2
*** Element info: {Using=xpath, value=//h1[.='Soal B']}
</error>
  </testcase>
  <testcase name="Scenario: Send message with valid text" classname="Scenario: Send message with valid text" time="0.007">
    <error message="no such element: Unable to locate element: {&quot;method&quot;:&quot;xpath&quot;,&quot;selector&quot;:&quot;//h1[.=&apos;Soal B&apos;]&quot;}&#10;  (Session info: chrome=95.0.4638.54)&#10;For documentation on this error, please visit: https://www.seleniumhq.org/exceptions/no_such_element.html&#10;Build info: version: &apos;3.141.59&apos;, revision: &apos;e82be7d358&apos;, time: &apos;2018-11-14T08:17:03&apos;&#10;System info: host: &apos;ASUS-NANDA&apos;, ip: &apos;192.168.137.1&apos;, os.name: &apos;Windows 10&apos;, os.arch: &apos;amd64&apos;, os.version: &apos;10.0&apos;, java.version: &apos;1.8.0_291&apos;&#10;Driver info: org.openqa.selenium.chrome.ChromeDriver&#10;Capabilities {acceptInsecureCerts: false, browserName: chrome, browserVersion: 95.0.4638.54, chrome: {chromedriverVersion: 95.0.4638.17 (a9d0719444d4b..., userDataDir: C:\Users\user\AppData\Local...}, goog:chromeOptions: {debuggerAddress: localhost:64361}, javascriptEnabled: true, networkConnectionEnabled: false, pageLoadStrategy: normal, platform: WINDOWS, platformName: WINDOWS, proxy: Proxy(), setWindowRect: true, strictFileInteractability: false, timeouts: {implicit: 0, pageLoad: 300000, script: 30000}, unhandledPromptBehavior: dismiss and notify, webauthn:extension:credBlob: true, webauthn:extension:largeBlob: true, webauthn:virtualAuthenticators: true}&#10;Session ID: 8e9777a4f92f6293fbfcda0a61a2f8c2&#10;*** Element info: {Using=xpath, value=//h1[.=&apos;Soal B&apos;]}" type="org.openqa.selenium.NoSuchElementException">org.openqa.selenium.NoSuchElementException: 
no such element: Unable to locate element: {"method":"xpath","selector":"//h1[.='Soal B']"}
  (Session info: chrome=95.0.4638.54)
For documentation on this error, please visit: https://www.seleniumhq.org/exceptions/no_such_element.html
Build info: version: '3.141.59', revision: 'e82be7d358', time: '2018-11-14T08:17:03'
System info: host: 'ASUS-NANDA', ip: '192.168.137.1', os.name: 'Windows 10', os.arch: 'amd64', os.version: '10.0', java.version: '1.8.0_291'
Driver info: org.openqa.selenium.chrome.ChromeDriver
Capabilities {acceptInsecureCerts: false, browserName: chrome, browserVersion: 95.0.4638.54, chrome: {chromedriverVersion: 95.0.4638.17 (a9d0719444d4b..., userDataDir: C:\Users\user\AppData\Local...}, goog:chromeOptions: {debuggerAddress: localhost:64361}, javascriptEnabled: true, networkConnectionEnabled: false, pageLoadStrategy: normal, platform: WINDOWS, platformName: WINDOWS, proxy: Proxy(), setWindowRect: true, strictFileInteractability: false, timeouts: {implicit: 0, pageLoad: 300000, script: 30000}, unhandledPromptBehavior: dismiss and notify, webauthn:extension:credBlob: true, webauthn:extension:largeBlob: true, webauthn:virtualAuthenticators: true}
Session ID: 8e9777a4f92f6293fbfcda0a61a2f8c2
*** Element info: {Using=xpath, value=//h1[.='Soal B']}
</error>
  </testcase>
  <testcase name="When User click group chat and input &quot;Big Project&quot; as a message" classname="Scenario: Send message with valid text" time="0">
    <skipped/>
  </testcase>
  <testcase name="And User click attach File and input &quot;test.png&quot;" classname="Scenario: Send message with valid text" time="0">
    <skipped/>
  </testcase>
  <testcase name="Then Message already sent" classname="Scenario: Send message with valid text" time="0">
    <skipped/>
  </testcase>
  <testcase name="Given User on the Cicle App and click card on the Teams" classname="Scenario: Send empty message" time="0.001"/>
  <testcase name="When User open the group chat and input &quot;HaloHaloHaloHaloHaloHaloHaloHaloHaloHaloHaloHaloHaloHaloHaloHaloHaloHaloHaloHaloHaloHaloHaloHaloHaloHaloHaloHaloHaloHaloHaloHaloHaloHaloHaloHaloHaloHaloHaloHaloHaloHaloHaloHaloHaloHaloHaloHaloHaloHalo&quot; as a message" classname="Scenario: Send empty message" time="0"/>
  <testcase name="Then Cannot send message" classname="Scenario: Send empty message" time="0.012">
    <error message="element click intercepted: Element &lt;button type=&quot;button&quot; class=&quot;rounded-circle btn btn-warning btn-sm&quot;&gt;...&lt;/button&gt; is not clickable at point (1163, 562). Other element would receive the click: &lt;div class=&quot;col-1&quot;&gt;&lt;/div&gt;&#10;  (Session info: chrome=95.0.4638.54)&#10;Build info: version: &apos;3.141.59&apos;, revision: &apos;e82be7d358&apos;, time: &apos;2018-11-14T08:17:03&apos;&#10;System info: host: &apos;ASUS-NANDA&apos;, ip: &apos;192.168.137.1&apos;, os.name: &apos;Windows 10&apos;, os.arch: &apos;amd64&apos;, os.version: &apos;10.0&apos;, java.version: &apos;1.8.0_291&apos;&#10;Driver info: org.openqa.selenium.chrome.ChromeDriver&#10;Capabilities {acceptInsecureCerts: false, browserName: chrome, browserVersion: 95.0.4638.54, chrome: {chromedriverVersion: 95.0.4638.17 (a9d0719444d4b..., userDataDir: C:\Users\user\AppData\Local...}, goog:chromeOptions: {debuggerAddress: localhost:59598}, javascriptEnabled: true, networkConnectionEnabled: false, pageLoadStrategy: normal, platform: WINDOWS, platformName: WINDOWS, proxy: Proxy(), setWindowRect: true, strictFileInteractability: false, timeouts: {implicit: 0, pageLoad: 300000, script: 30000}, unhandledPromptBehavior: dismiss and notify, webauthn:extension:credBlob: true, webauthn:extension:largeBlob: true, webauthn:virtualAuthenticators: true}&#10;Session ID: 8a9168b8a97598f48fe33126064de96d" type="org.openqa.selenium.ElementClickInterceptedException"><![CDATA[org.openqa.selenium.ElementClickInterceptedException: 
element click intercepted: Element <button type="button" class="rounded-circle btn btn-warning btn-sm">...</button> is not clickable at point (1163, 562). Other element would receive the click: <div class="col-1"></div>
  (Session info: chrome=95.0.4638.54)
Build info: version: '3.141.59', revision: 'e82be7d358', time: '2018-11-14T08:17:03'
System info: host: 'ASUS-NANDA', ip: '192.168.137.1', os.name: 'Windows 10', os.arch: 'amd64', os.version: '10.0', java.version: '1.8.0_291'
Driver info: org.openqa.selenium.chrome.ChromeDriver
Capabilities {acceptInsecureCerts: false, browserName: chrome, browserVersion: 95.0.4638.54, chrome: {chromedriverVersion: 95.0.4638.17 (a9d0719444d4b..., userDataDir: C:\Users\user\AppData\Local...}, goog:chromeOptions: {debuggerAddress: localhost:59598}, javascriptEnabled: true, networkConnectionEnabled: false, pageLoadStrategy: normal, platform: WINDOWS, platformName: WINDOWS, proxy: Proxy(), setWindowRect: true, strictFileInteractability: false, timeouts: {implicit: 0, pageLoad: 300000, script: 30000}, unhandledPromptBehavior: dismiss and notify, webauthn:extension:credBlob: true, webauthn:extension:largeBlob: true, webauthn:virtualAuthenticators: true}
Session ID: 8a9168b8a97598f48fe33126064de96d
]]></error>
  </testcase>
  <testcase name="Scenario: Send empty message" classname="Scenario: Send empty message" time="0.014">
    <error message="element click intercepted: Element &lt;button type=&quot;button&quot; class=&quot;rounded-circle btn btn-warning btn-sm&quot;&gt;...&lt;/button&gt; is not clickable at point (1163, 562). Other element would receive the click: &lt;div class=&quot;col-1&quot;&gt;&lt;/div&gt;&#10;  (Session info: chrome=95.0.4638.54)&#10;Build info: version: &apos;3.141.59&apos;, revision: &apos;e82be7d358&apos;, time: &apos;2018-11-14T08:17:03&apos;&#10;System info: host: &apos;ASUS-NANDA&apos;, ip: &apos;192.168.137.1&apos;, os.name: &apos;Windows 10&apos;, os.arch: &apos;amd64&apos;, os.version: &apos;10.0&apos;, java.version: &apos;1.8.0_291&apos;&#10;Driver info: org.openqa.selenium.chrome.ChromeDriver&#10;Capabilities {acceptInsecureCerts: false, browserName: chrome, browserVersion: 95.0.4638.54, chrome: {chromedriverVersion: 95.0.4638.17 (a9d0719444d4b..., userDataDir: C:\Users\user\AppData\Local...}, goog:chromeOptions: {debuggerAddress: localhost:59598}, javascriptEnabled: true, networkConnectionEnabled: false, pageLoadStrategy: normal, platform: WINDOWS, platformName: WINDOWS, proxy: Proxy(), setWindowRect: true, strictFileInteractability: false, timeouts: {implicit: 0, pageLoad: 300000, script: 30000}, unhandledPromptBehavior: dismiss and notify, webauthn:extension:credBlob: true, webauthn:extension:largeBlob: true, webauthn:virtualAuthenticators: true}&#10;Session ID: 8a9168b8a97598f48fe33126064de96d" type="org.openqa.selenium.ElementClickInterceptedException"><![CDATA[org.openqa.selenium.ElementClickInterceptedException: 
element click intercepted: Element <button type="button" class="rounded-circle btn btn-warning btn-sm">...</button> is not clickable at point (1163, 562). Other element would receive the click: <div class="col-1"></div>
  (Session info: chrome=95.0.4638.54)
Build info: version: '3.141.59', revision: 'e82be7d358', time: '2018-11-14T08:17:03'
System info: host: 'ASUS-NANDA', ip: '192.168.137.1', os.name: 'Windows 10', os.arch: 'amd64', os.version: '10.0', java.version: '1.8.0_291'
Driver info: org.openqa.selenium.chrome.ChromeDriver
Capabilities {acceptInsecureCerts: false, browserName: chrome, browserVersion: 95.0.4638.54, chrome: {chromedriverVersion: 95.0.4638.17 (a9d0719444d4b..., userDataDir: C:\Users\user\AppData\Local...}, goog:chromeOptions: {debuggerAddress: localhost:59598}, javascriptEnabled: true, networkConnectionEnabled: false, pageLoadStrategy: normal, platform: WINDOWS, platformName: WINDOWS, proxy: Proxy(), setWindowRect: true, strictFileInteractability: false, timeouts: {implicit: 0, pageLoad: 300000, script: 30000}, unhandledPromptBehavior: dismiss and notify, webauthn:extension:credBlob: true, webauthn:extension:largeBlob: true, webauthn:virtualAuthenticators: true}
Session ID: 8a9168b8a97598f48fe33126064de96d
]]></error>
  </testcase>
  <testcase name="Given User login into the cicle app and click card on the teams" classname="Scenario: Create New Card" time="0"/>
  <testcase name="When User direct into teams page and click Board" classname="Scenario: Create New Card" time="0"/>
  <testcase name="And User create new list and input &quot;In Progress&quot; as list name" classname="Scenario: Create New Card" time="0"/>
  <testcase name="And User click add Card on the List and input &quot;Register&quot; as card name" classname="Scenario: Create New Card" time="0.003">
    <error type="java.lang.NullPointerException">java.lang.NullPointerException
</error>
  </testcase>
  <testcase name="Scenario: Create New Card" classname="Scenario: Create New Card" time="0.005">
    <error type="java.lang.NullPointerException">java.lang.NullPointerException
</error>
  </testcase>
  <testcase name="Then Card already created" classname="Scenario: Create New Card" time="0">
    <skipped/>
  </testcase>
  <testcase name="Given User already on the Cicle App and click card on the teams" classname="Scenario: Empty Card Name" time="0"/>
  <testcase name="When User click Board on the teams page" classname="Scenario: Empty Card Name" time="0"/>
  <testcase name="And User add new list and input &quot;In Progress&quot; as list name" classname="Scenario: Empty Card Name" time="0"/>
  <testcase name="And User create new card and input &quot;&quot; as card name" classname="Scenario: Empty Card Name" time="0.001">
    <error type="java.lang.NullPointerException">java.lang.NullPointerException
</error>
  </testcase>
  <testcase name="Scenario: Empty Card Name" classname="Scenario: Empty Card Name" time="0.002">
    <error type="java.lang.NullPointerException">java.lang.NullPointerException
</error>
  </testcase>
  <testcase name="Then User see the new card" classname="Scenario: Empty Card Name" time="0">
    <skipped/>
  </testcase>
  <testcase name="Given User open cicle App and click card on the Teams" classname="Scenario: Add new event with valid data" time="0.001"/>
  <testcase name="When User click Schedule and user will be direct on the schedule page" classname="Scenario: Add new event with valid data" time="0.002">
    <error type="java.lang.NullPointerException">java.lang.NullPointerException
</error>
  </testcase>
  <testcase name="Scenario: Add new event with valid data" classname="Scenario: Add new event with valid data" time="0.004">
    <error type="java.lang.NullPointerException">java.lang.NullPointerException
</error>
  </testcase>
  <testcase name="And User click create event" classname="Scenario: Add new event with valid data" time="0">
    <skipped/>
  </testcase>
  <testcase name="And User fills in the data event and input &quot;Sekolah QA&quot; as notes" classname="Scenario: Add new event with valid data" time="0">
    <skipped/>
  </testcase>
  <testcase name="Then Event will be created" classname="Scenario: Add new event with valid data" time="0">
    <skipped/>
  </testcase>
  <testcase name="Given User already on the Cicle Page" classname="Scenario: View all of notification" time="0"/>
  <testcase name="And User click lbl bell and click View all notification" classname="Scenario: View all of notification" time="0.002">
    <error type="java.lang.NullPointerException">java.lang.NullPointerException
</error>
  </testcase>
  <testcase name="Scenario: View all of notification" classname="Scenario: View all of notification" time="0.005">
    <error type="java.lang.NullPointerException">java.lang.NullPointerException
</error>
  </testcase>
  <testcase name="Then User will be view all of the notification" classname="Scenario: View all of notification" time="0">
    <skipped/>
  </testcase>
</testsuite>